[2018-11-22 20:44:16] toppack-app.DEBUG: Hello [] []
[2018-11-23 03:40:14] toppack-app.INFO: Processed ResultArray [] []
[2018-11-23 03:40:34] toppack-app.INFO: Processed ResultArray [] []
[2018-11-23 03:40:54] toppack-app.INFO: Processed ResultArray [] []
[2018-11-23 03:41:21] toppack-app.INFO: Processed ResultArray [] []
[2018-11-23 03:42:39] toppack-app.INFO: Processed ResultArray [] []
[2018-11-23 03:43:49] toppack-app.INFO: Processed ResultArray [] []
[2018-11-23 03:44:12] toppack-app.INFO: Processed ResultArray [] []
[2018-11-23 03:45:13] toppack-app.INFO: Processed ResultArray [] []
[2018-11-23 03:45:16] toppack-app.INFO: Processed ResultArray [] []
[2018-11-23 03:46:15] toppack-app.INFO: Processed ResultArray [] []
[2018-11-23 03:47:10] toppack-app.INFO: Processed ResultArray [] []
[2018-11-23 03:47:24] toppack-app.INFO: Processed ResultArray [] []
[2018-11-23 03:50:18] toppack-app.INFO: Processed ResultArray [] []
[2018-11-23 03:50:27] toppack-app.INFO: Processed ResultArray [] []
[2018-11-23 03:50:44] toppack-app.INFO: Processed ResultArray [] []
[2018-11-23 03:51:12] toppack-app.INFO: Processed ResultArray [] []
[2018-11-23 03:51:30] toppack-app.INFO: Processed ResultArray [] []
[2018-11-23 03:52:02] toppack-app.INFO: Processed ResultArray [] []
[2018-11-23 03:53:13] toppack-app.INFO: Processed ResultArray [] []
[2018-11-23 03:58:25] toppack-app.INFO: Processed ResultArray [] []
[2018-11-23 03:58:46] toppack-app.INFO: Processed ResultArray [] []
[2018-11-23 03:59:25] toppack-app.INFO: Processed ResultArray [] []
[2018-11-23 03:59:31] toppack-app.INFO: Processed ResultArray [] []
[2018-11-23 04:00:39] toppack-app.DEBUG: Page - 1 [] []
[2018-11-23 04:00:39] toppack-app.DEBUG: Query - tetris [] []
[2018-11-23 04:00:45] toppack-app.INFO: Processed ResultArray [] []
[2018-11-23 04:00:59] toppack-app.DEBUG: Page - 1 [] []
[2018-11-23 04:00:59] toppack-app.DEBUG: Query - tetris [] []
[2018-11-23 04:01:06] toppack-app.INFO: Processed ResultArray [] []
[2018-11-23 04:01:10] toppack-app.DEBUG: Page - 1 [] []
[2018-11-23 04:01:10] toppack-app.DEBUG: Query - tetris [] []
[2018-11-23 04:01:15] toppack-app.INFO: Processed ResultArray [] []
[2018-11-23 04:02:05] toppack-app.DEBUG: Page -  [] []
[2018-11-23 04:02:05] toppack-app.DEBUG: Query - tetris?page=5 [] []
[2018-11-23 04:02:06] toppack-app.INFO: Processed ResultArray [] []
[2018-11-23 04:02:38] toppack-app.DEBUG: Page - 1 [] []
[2018-11-23 04:02:38] toppack-app.DEBUG: Query - tetris [] []
[2018-11-23 04:02:43] toppack-app.INFO: Processed ResultArray [] []
[2018-11-23 04:02:53] toppack-app.DEBUG: Page - 1 [] []
[2018-11-23 04:02:53] toppack-app.DEBUG: Query - tetris [] []
[2018-11-23 04:02:59] toppack-app.INFO: Processed ResultArray [] []
[2018-11-23 04:03:17] toppack-app.DEBUG: Page - 1 [] []
[2018-11-23 04:03:17] toppack-app.DEBUG: Query - tetris [] []
[2018-11-23 04:03:21] toppack-app.INFO: Processed ResultArray [] []
[2018-11-23 04:11:36] toppack-app.DEBUG: Query - tetris || Page - 1 [] []
[2018-11-23 04:11:44] toppack-app.DEBUG: Query - sunil || Page - 1 [] []
[2018-11-23 04:27:28] toppack-app.DEBUG: Query - sunil || Page - 1 [] []
[2018-11-23 04:27:40] toppack-app.DEBUG: Query - tetris || Page - 1 [] []
[2018-11-23 04:58:26] toppack-app.DEBUG: Owner -  || Repo-  [] []
[2018-11-23 04:58:36] toppack-app.DEBUG: Owner -  || Repo-  [] []
[2018-11-23 04:58:37] toppack-app.DEBUG: Owner -  || Repo-  [] []
[2018-11-23 04:58:57] toppack-app.DEBUG: Owner -  || Repo-  [] []
[2018-11-23 04:59:20] toppack-app.DEBUG: Owner -  || Repo-  [] []
[2018-11-23 05:00:01] toppack-app.DEBUG: Owner -  || Repo-  [] []
[2018-11-23 05:00:16] toppack-app.DEBUG: Owner -  || Repo-  [] []
[2018-11-23 05:01:05] toppack-app.DEBUG: Owner -  || Repo-  [] []
[2018-11-23 05:01:33] toppack-app.DEBUG: Owner -  || Repo-  [] []
[2018-11-23 05:01:54] toppack-app.DEBUG: Owner -  || Repo-  [] []
[2018-11-23 05:02:08] toppack-app.DEBUG: Owner -  || Repo-  [] []
[2018-11-23 05:04:10] toppack-app.DEBUG: Owner -  || Repo-  [] []
[2018-11-23 15:00:55] toppack-app.DEBUG: Query - tetris || Page - 1 [] []
[2018-11-23 15:01:01] toppack-app.DEBUG: Array [] []
[2018-11-23 15:01:54] toppack-app.DEBUG: Query - tetris || Page - 1 [] []
[2018-11-23 15:01:59] toppack-app.DEBUG: Array [] []
[2018-11-23 15:02:16] toppack-app.DEBUG: Query - tetris || Page - 1 [] []
[2018-11-23 15:02:21] toppack-app.DEBUG: Array [] []
[2018-11-23 15:02:55] toppack-app.DEBUG: Query - tetris || Page - 1 [] []
[2018-11-23 15:03:02] toppack-app.DEBUG: Array [] []
[2018-11-23 15:23:28] toppack-app.DEBUG: Query - tetris || Page - 1 [] []
[2018-11-23 15:23:33] toppack-app.DEBUG: Array [] []
[2018-11-23 15:25:26] toppack-app.DEBUG: Query - tetris || Page - 1 [] []
[2018-11-23 15:25:31] toppack-app.DEBUG: Array [] []
[2018-11-23 15:30:46] toppack-app.DEBUG: Query - tetris || Page - 1 [] []
[2018-11-23 15:30:51] toppack-app.DEBUG: Array [] []
[2018-11-23 15:33:44] toppack-app.DEBUG: Query - tetris || Page - 1 [] []
[2018-11-23 15:33:50] toppack-app.DEBUG: Array [] []
[2018-11-23 15:36:28] toppack-app.DEBUG: Query - tetris || Page - 1 [] []
[2018-11-23 15:36:33] toppack-app.DEBUG: Array [] []
[2018-11-23 15:40:13] toppack-app.DEBUG: Query - tetris || Page - 1 [] []
[2018-11-23 15:40:18] toppack-app.DEBUG: Array [] []
[2018-11-23 15:40:38] toppack-app.DEBUG: Query - tetris || Page - 1 [] []
[2018-11-23 15:40:43] toppack-app.DEBUG: Array [] []
[2018-11-23 15:42:54] toppack-app.DEBUG: Query - tetris || Page - 1 [] []
[2018-11-23 15:43:00] toppack-app.DEBUG: Array [] []
[2018-11-23 15:44:11] toppack-app.DEBUG: Query - tetris || Page - 1 [] []
[2018-11-23 15:44:17] toppack-app.DEBUG: Array [] []
[2018-11-23 16:14:28] toppack-app.DEBUG: Query - tetris || Page - 1 [] []
[2018-11-23 16:14:34] toppack-app.DEBUG: Array [] []
[2018-11-23 16:14:49] toppack-app.DEBUG: Owner -  || Repo-  [] []
[2018-11-23 16:14:51] toppack-app.INFO: Array [] []
[2018-11-23 16:14:51] toppack-app.INFO: {   "name": "react-tetris",   "version": "1.0.1",   "description": "使用React、Redux、Immutable编写「俄罗斯方块」。Use Tetact, Redux, Immutable to coding \"Tetris\".",   "scripts": {     "start": "webpack-dev-server --progress",     "build": "rm -rf ./docs/* && webpack --config ./webpack.production.config.js --progress && ls ./docs"   },   "repository": {     "type": "git",     "url": "git+https://github.com/chvin/react-tetris.git"   },   "keywords": [     "Tetris",     "React",     "Redux",     "Immutable",     "俄罗斯方块"   ],   "author": "Chvin",   "license": "Apache-2.0",   "bugs": {     "url": "https://github.com/chvin/react-tetris/issues"   },   "homepage": "https://github.com/chvin/react-tetris#readme",   "devDependencies": {     "autoprefixer": "^6.7.2",     "babel-core": "^6.13.2",     "babel-loader": "^6.2.4",     "babel-plugin-react-transform": "^2.0.2",     "babel-preset-es2015": "^6.13.2",     "babel-preset-react": "^6.16.0",     "copy-webpack-plugin": "^3.0.1",     "css-loader": "^0.23.1",     "eslint": "^3.3.1",     "eslint-config-airbnb": "^10.0.1",     "eslint-loader": "^1.6.1",     "eslint-plugin-import": "^1.13.0",     "eslint-plugin-jsx-a11y": "^2.1.0",     "eslint-plugin-react": "^6.1.1",     "extract-text-webpack-plugin": "^1.0.1",     "file-loader": "^0.9.0",     "html-webpack-plugin": "^2.22.0",     "json-loader": "^0.5.4",     "less": "^2.7.1",     "less-loader": "^2.2.3",     "open-browser-webpack-plugin": "0.0.3",     "postcss": "^5.2.12",     "postcss-loader": "^1.2.2",     "precss": "^1.4.0",     "react-transform-hmr": "^1.0.4",     "style-loader": "^0.13.1",     "url-loader": "^0.5.7",     "webpack": "^1.13.1",     "webpack-dev-server": "^1.14.1"   },   "dependencies": {     "classnames": "^2.2.5",     "immutable": "^3.8.1",     "prop-types": "^15.5.10",     "qrcode": "^1.2.0",     "react": "^15.3.0",     "react-dom": "^15.3.0",     "react-redux": "^4.4.5",     "redux": "^3.5.2",     "redux-immutable": "^3.0.8"   } }  [] []
[2018-11-23 16:15:18] toppack-app.DEBUG: Owner -  || Repo-  [] []
[2018-11-23 16:15:19] toppack-app.INFO: Array [] []
[2018-11-23 16:15:19] toppack-app.INFO: {   "name": "react-tetris",   "version": "1.0.1",   "description": "使用React、Redux、Immutable编写「俄罗斯方块」。Use Tetact, Redux, Immutable to coding \"Tetris\".",   "scripts": {     "start": "webpack-dev-server --progress",     "build": "rm -rf ./docs/* && webpack --config ./webpack.production.config.js --progress && ls ./docs"   },   "repository": {     "type": "git",     "url": "git+https://github.com/chvin/react-tetris.git"   },   "keywords": [     "Tetris",     "React",     "Redux",     "Immutable",     "俄罗斯方块"   ],   "author": "Chvin",   "license": "Apache-2.0",   "bugs": {     "url": "https://github.com/chvin/react-tetris/issues"   },   "homepage": "https://github.com/chvin/react-tetris#readme",   "devDependencies": {     "autoprefixer": "^6.7.2",     "babel-core": "^6.13.2",     "babel-loader": "^6.2.4",     "babel-plugin-react-transform": "^2.0.2",     "babel-preset-es2015": "^6.13.2",     "babel-preset-react": "^6.16.0",     "copy-webpack-plugin": "^3.0.1",     "css-loader": "^0.23.1",     "eslint": "^3.3.1",     "eslint-config-airbnb": "^10.0.1",     "eslint-loader": "^1.6.1",     "eslint-plugin-import": "^1.13.0",     "eslint-plugin-jsx-a11y": "^2.1.0",     "eslint-plugin-react": "^6.1.1",     "extract-text-webpack-plugin": "^1.0.1",     "file-loader": "^0.9.0",     "html-webpack-plugin": "^2.22.0",     "json-loader": "^0.5.4",     "less": "^2.7.1",     "less-loader": "^2.2.3",     "open-browser-webpack-plugin": "0.0.3",     "postcss": "^5.2.12",     "postcss-loader": "^1.2.2",     "precss": "^1.4.0",     "react-transform-hmr": "^1.0.4",     "style-loader": "^0.13.1",     "url-loader": "^0.5.7",     "webpack": "^1.13.1",     "webpack-dev-server": "^1.14.1"   },   "dependencies": {     "classnames": "^2.2.5",     "immutable": "^3.8.1",     "prop-types": "^15.5.10",     "qrcode": "^1.2.0",     "react": "^15.3.0",     "react-dom": "^15.3.0",     "react-redux": "^4.4.5",     "redux": "^3.5.2",     "redux-immutable": "^3.0.8"   } }  [] []
[2018-11-23 16:17:50] toppack-app.DEBUG: Owner -  || Repo-  [] []
[2018-11-23 16:17:52] toppack-app.INFO: Array [] []
[2018-11-23 16:17:52] toppack-app.INFO: {   "name": "react-tetris",   "version": "1.0.1",   "description": "使用React、Redux、Immutable编写「俄罗斯方块」。Use Tetact, Redux, Immutable to coding \"Tetris\".",   "scripts": {     "start": "webpack-dev-server --progress",     "build": "rm -rf ./docs/* && webpack --config ./webpack.production.config.js --progress && ls ./docs"   },   "repository": {     "type": "git",     "url": "git+https://github.com/chvin/react-tetris.git"   },   "keywords": [     "Tetris",     "React",     "Redux",     "Immutable",     "俄罗斯方块"   ],   "author": "Chvin",   "license": "Apache-2.0",   "bugs": {     "url": "https://github.com/chvin/react-tetris/issues"   },   "homepage": "https://github.com/chvin/react-tetris#readme",   "devDependencies": {     "autoprefixer": "^6.7.2",     "babel-core": "^6.13.2",     "babel-loader": "^6.2.4",     "babel-plugin-react-transform": "^2.0.2",     "babel-preset-es2015": "^6.13.2",     "babel-preset-react": "^6.16.0",     "copy-webpack-plugin": "^3.0.1",     "css-loader": "^0.23.1",     "eslint": "^3.3.1",     "eslint-config-airbnb": "^10.0.1",     "eslint-loader": "^1.6.1",     "eslint-plugin-import": "^1.13.0",     "eslint-plugin-jsx-a11y": "^2.1.0",     "eslint-plugin-react": "^6.1.1",     "extract-text-webpack-plugin": "^1.0.1",     "file-loader": "^0.9.0",     "html-webpack-plugin": "^2.22.0",     "json-loader": "^0.5.4",     "less": "^2.7.1",     "less-loader": "^2.2.3",     "open-browser-webpack-plugin": "0.0.3",     "postcss": "^5.2.12",     "postcss-loader": "^1.2.2",     "precss": "^1.4.0",     "react-transform-hmr": "^1.0.4",     "style-loader": "^0.13.1",     "url-loader": "^0.5.7",     "webpack": "^1.13.1",     "webpack-dev-server": "^1.14.1"   },   "dependencies": {     "classnames": "^2.2.5",     "immutable": "^3.8.1",     "prop-types": "^15.5.10",     "qrcode": "^1.2.0",     "react": "^15.3.0",     "react-dom": "^15.3.0",     "react-redux": "^4.4.5",     "redux": "^3.5.2",     "redux-immutable": "^3.0.8"   } }  [] []
[2018-11-23 16:18:14] toppack-app.DEBUG: Owner -  || Repo-  [] []
[2018-11-23 16:18:15] toppack-app.INFO: Array [] []
[2018-11-23 16:18:15] toppack-app.INFO: {   "name": "react-tetris",   "version": "1.0.1",   "description": "使用React、Redux、Immutable编写「俄罗斯方块」。Use Tetact, Redux, Immutable to coding \"Tetris\".",   "scripts": {     "start": "webpack-dev-server --progress",     "build": "rm -rf ./docs/* && webpack --config ./webpack.production.config.js --progress && ls ./docs"   },   "repository": {     "type": "git",     "url": "git+https://github.com/chvin/react-tetris.git"   },   "keywords": [     "Tetris",     "React",     "Redux",     "Immutable",     "俄罗斯方块"   ],   "author": "Chvin",   "license": "Apache-2.0",   "bugs": {     "url": "https://github.com/chvin/react-tetris/issues"   },   "homepage": "https://github.com/chvin/react-tetris#readme",   "devDependencies": {     "autoprefixer": "^6.7.2",     "babel-core": "^6.13.2",     "babel-loader": "^6.2.4",     "babel-plugin-react-transform": "^2.0.2",     "babel-preset-es2015": "^6.13.2",     "babel-preset-react": "^6.16.0",     "copy-webpack-plugin": "^3.0.1",     "css-loader": "^0.23.1",     "eslint": "^3.3.1",     "eslint-config-airbnb": "^10.0.1",     "eslint-loader": "^1.6.1",     "eslint-plugin-import": "^1.13.0",     "eslint-plugin-jsx-a11y": "^2.1.0",     "eslint-plugin-react": "^6.1.1",     "extract-text-webpack-plugin": "^1.0.1",     "file-loader": "^0.9.0",     "html-webpack-plugin": "^2.22.0",     "json-loader": "^0.5.4",     "less": "^2.7.1",     "less-loader": "^2.2.3",     "open-browser-webpack-plugin": "0.0.3",     "postcss": "^5.2.12",     "postcss-loader": "^1.2.2",     "precss": "^1.4.0",     "react-transform-hmr": "^1.0.4",     "style-loader": "^0.13.1",     "url-loader": "^0.5.7",     "webpack": "^1.13.1",     "webpack-dev-server": "^1.14.1"   },   "dependencies": {     "classnames": "^2.2.5",     "immutable": "^3.8.1",     "prop-types": "^15.5.10",     "qrcode": "^1.2.0",     "react": "^15.3.0",     "react-dom": "^15.3.0",     "react-redux": "^4.4.5",     "redux": "^3.5.2",     "redux-immutable": "^3.0.8"   } }  [] []
[2018-11-23 19:03:52] toppack-app.DEBUG: Owner -  || Repo-  [] []
[2018-11-23 19:03:54] toppack-app.INFO: Array [] []
[2018-11-23 19:03:54] toppack-app.INFO: {   "name": "react-tetris",   "version": "1.0.1",   "description": "使用React、Redux、Immutable编写「俄罗斯方块」。Use Tetact, Redux, Immutable to coding \"Tetris\".",   "scripts": {     "start": "webpack-dev-server --progress",     "build": "rm -rf ./docs/* && webpack --config ./webpack.production.config.js --progress && ls ./docs"   },   "repository": {     "type": "git",     "url": "git+https://github.com/chvin/react-tetris.git"   },   "keywords": [     "Tetris",     "React",     "Redux",     "Immutable",     "俄罗斯方块"   ],   "author": "Chvin",   "license": "Apache-2.0",   "bugs": {     "url": "https://github.com/chvin/react-tetris/issues"   },   "homepage": "https://github.com/chvin/react-tetris#readme",   "devDependencies": {     "autoprefixer": "^6.7.2",     "babel-core": "^6.13.2",     "babel-loader": "^6.2.4",     "babel-plugin-react-transform": "^2.0.2",     "babel-preset-es2015": "^6.13.2",     "babel-preset-react": "^6.16.0",     "copy-webpack-plugin": "^3.0.1",     "css-loader": "^0.23.1",     "eslint": "^3.3.1",     "eslint-config-airbnb": "^10.0.1",     "eslint-loader": "^1.6.1",     "eslint-plugin-import": "^1.13.0",     "eslint-plugin-jsx-a11y": "^2.1.0",     "eslint-plugin-react": "^6.1.1",     "extract-text-webpack-plugin": "^1.0.1",     "file-loader": "^0.9.0",     "html-webpack-plugin": "^2.22.0",     "json-loader": "^0.5.4",     "less": "^2.7.1",     "less-loader": "^2.2.3",     "open-browser-webpack-plugin": "0.0.3",     "postcss": "^5.2.12",     "postcss-loader": "^1.2.2",     "precss": "^1.4.0",     "react-transform-hmr": "^1.0.4",     "style-loader": "^0.13.1",     "url-loader": "^0.5.7",     "webpack": "^1.13.1",     "webpack-dev-server": "^1.14.1"   },   "dependencies": {     "classnames": "^2.2.5",     "immutable": "^3.8.1",     "prop-types": "^15.5.10",     "qrcode": "^1.2.0",     "react": "^15.3.0",     "react-dom": "^15.3.0",     "react-redux": "^4.4.5",     "redux": "^3.5.2",     "redux-immutable": "^3.0.8"   } }  [] []
[2018-11-23 19:05:39] toppack-app.DEBUG: Owner -  || Repo-  [] []
[2018-11-23 19:05:40] toppack-app.INFO: Array [] []
[2018-11-23 19:05:41] toppack-app.INFO: {   "name": "react-tetris",   "version": "1.0.1",   "description": "使用React、Redux、Immutable编写「俄罗斯方块」。Use Tetact, Redux, Immutable to coding \"Tetris\".",   "scripts": {     "start": "webpack-dev-server --progress",     "build": "rm -rf ./docs/* && webpack --config ./webpack.production.config.js --progress && ls ./docs"   },   "repository": {     "type": "git",     "url": "git+https://github.com/chvin/react-tetris.git"   },   "keywords": [     "Tetris",     "React",     "Redux",     "Immutable",     "俄罗斯方块"   ],   "author": "Chvin",   "license": "Apache-2.0",   "bugs": {     "url": "https://github.com/chvin/react-tetris/issues"   },   "homepage": "https://github.com/chvin/react-tetris#readme",   "devDependencies": {     "autoprefixer": "^6.7.2",     "babel-core": "^6.13.2",     "babel-loader": "^6.2.4",     "babel-plugin-react-transform": "^2.0.2",     "babel-preset-es2015": "^6.13.2",     "babel-preset-react": "^6.16.0",     "copy-webpack-plugin": "^3.0.1",     "css-loader": "^0.23.1",     "eslint": "^3.3.1",     "eslint-config-airbnb": "^10.0.1",     "eslint-loader": "^1.6.1",     "eslint-plugin-import": "^1.13.0",     "eslint-plugin-jsx-a11y": "^2.1.0",     "eslint-plugin-react": "^6.1.1",     "extract-text-webpack-plugin": "^1.0.1",     "file-loader": "^0.9.0",     "html-webpack-plugin": "^2.22.0",     "json-loader": "^0.5.4",     "less": "^2.7.1",     "less-loader": "^2.2.3",     "open-browser-webpack-plugin": "0.0.3",     "postcss": "^5.2.12",     "postcss-loader": "^1.2.2",     "precss": "^1.4.0",     "react-transform-hmr": "^1.0.4",     "style-loader": "^0.13.1",     "url-loader": "^0.5.7",     "webpack": "^1.13.1",     "webpack-dev-server": "^1.14.1"   },   "dependencies": {     "classnames": "^2.2.5",     "immutable": "^3.8.1",     "prop-types": "^15.5.10",     "qrcode": "^1.2.0",     "react": "^15.3.0",     "react-dom": "^15.3.0",     "react-redux": "^4.4.5",     "redux": "^3.5.2",     "redux-immutable": "^3.0.8"   } }  [] []
[2018-11-23 19:06:06] toppack-app.DEBUG: Owner -  || Repo-  [] []
[2018-11-23 19:06:07] toppack-app.INFO: Array [] []
[2018-11-23 19:06:08] toppack-app.INFO: {   "name": "react-tetris",   "version": "1.0.1",   "description": "使用React、Redux、Immutable编写「俄罗斯方块」。Use Tetact, Redux, Immutable to coding \"Tetris\".",   "scripts": {     "start": "webpack-dev-server --progress",     "build": "rm -rf ./docs/* && webpack --config ./webpack.production.config.js --progress && ls ./docs"   },   "repository": {     "type": "git",     "url": "git+https://github.com/chvin/react-tetris.git"   },   "keywords": [     "Tetris",     "React",     "Redux",     "Immutable",     "俄罗斯方块"   ],   "author": "Chvin",   "license": "Apache-2.0",   "bugs": {     "url": "https://github.com/chvin/react-tetris/issues"   },   "homepage": "https://github.com/chvin/react-tetris#readme",   "devDependencies": {     "autoprefixer": "^6.7.2",     "babel-core": "^6.13.2",     "babel-loader": "^6.2.4",     "babel-plugin-react-transform": "^2.0.2",     "babel-preset-es2015": "^6.13.2",     "babel-preset-react": "^6.16.0",     "copy-webpack-plugin": "^3.0.1",     "css-loader": "^0.23.1",     "eslint": "^3.3.1",     "eslint-config-airbnb": "^10.0.1",     "eslint-loader": "^1.6.1",     "eslint-plugin-import": "^1.13.0",     "eslint-plugin-jsx-a11y": "^2.1.0",     "eslint-plugin-react": "^6.1.1",     "extract-text-webpack-plugin": "^1.0.1",     "file-loader": "^0.9.0",     "html-webpack-plugin": "^2.22.0",     "json-loader": "^0.5.4",     "less": "^2.7.1",     "less-loader": "^2.2.3",     "open-browser-webpack-plugin": "0.0.3",     "postcss": "^5.2.12",     "postcss-loader": "^1.2.2",     "precss": "^1.4.0",     "react-transform-hmr": "^1.0.4",     "style-loader": "^0.13.1",     "url-loader": "^0.5.7",     "webpack": "^1.13.1",     "webpack-dev-server": "^1.14.1"   },   "dependencies": {     "classnames": "^2.2.5",     "immutable": "^3.8.1",     "prop-types": "^15.5.10",     "qrcode": "^1.2.0",     "react": "^15.3.0",     "react-dom": "^15.3.0",     "react-redux": "^4.4.5",     "redux": "^3.5.2",     "redux-immutable": "^3.0.8"   } }  [] []
[2018-11-23 19:06:38] toppack-app.DEBUG: Owner -  || Repo-  [] []
[2018-11-23 19:06:39] toppack-app.INFO: Array [] []
[2018-11-23 19:06:40] toppack-app.INFO: {   "name": "react-tetris",   "version": "1.0.1",   "description": "使用React、Redux、Immutable编写「俄罗斯方块」。Use Tetact, Redux, Immutable to coding \"Tetris\".",   "scripts": {     "start": "webpack-dev-server --progress",     "build": "rm -rf ./docs/* && webpack --config ./webpack.production.config.js --progress && ls ./docs"   },   "repository": {     "type": "git",     "url": "git+https://github.com/chvin/react-tetris.git"   },   "keywords": [     "Tetris",     "React",     "Redux",     "Immutable",     "俄罗斯方块"   ],   "author": "Chvin",   "license": "Apache-2.0",   "bugs": {     "url": "https://github.com/chvin/react-tetris/issues"   },   "homepage": "https://github.com/chvin/react-tetris#readme",   "devDependencies": {     "autoprefixer": "^6.7.2",     "babel-core": "^6.13.2",     "babel-loader": "^6.2.4",     "babel-plugin-react-transform": "^2.0.2",     "babel-preset-es2015": "^6.13.2",     "babel-preset-react": "^6.16.0",     "copy-webpack-plugin": "^3.0.1",     "css-loader": "^0.23.1",     "eslint": "^3.3.1",     "eslint-config-airbnb": "^10.0.1",     "eslint-loader": "^1.6.1",     "eslint-plugin-import": "^1.13.0",     "eslint-plugin-jsx-a11y": "^2.1.0",     "eslint-plugin-react": "^6.1.1",     "extract-text-webpack-plugin": "^1.0.1",     "file-loader": "^0.9.0",     "html-webpack-plugin": "^2.22.0",     "json-loader": "^0.5.4",     "less": "^2.7.1",     "less-loader": "^2.2.3",     "open-browser-webpack-plugin": "0.0.3",     "postcss": "^5.2.12",     "postcss-loader": "^1.2.2",     "precss": "^1.4.0",     "react-transform-hmr": "^1.0.4",     "style-loader": "^0.13.1",     "url-loader": "^0.5.7",     "webpack": "^1.13.1",     "webpack-dev-server": "^1.14.1"   },   "dependencies": {     "classnames": "^2.2.5",     "immutable": "^3.8.1",     "prop-types": "^15.5.10",     "qrcode": "^1.2.0",     "react": "^15.3.0",     "react-dom": "^15.3.0",     "react-redux": "^4.4.5",     "redux": "^3.5.2",     "redux-immutable": "^3.0.8"   } }  [] []
